<?xml version="1.0" encoding="utf-8"?><testsuites name="pytest tests"><testsuite name="pytest" errors="0" failures="0" skipped="0" tests="20" time="29.388" timestamp="2026-04-03T10:20:18.121744+00:00" hostname="agent-env-1ee491cf-78cf-4998-9116-4eef5e5c3ddf"><testcase classname="backend.tests.test_adaptive_scan_features.TestHealthAndBasics" name="test_api_health" time="0.190" /><testcase classname="backend.tests.test_adaptive_scan_features.TestHealthAndBasics" name="test_mitre_tactics" time="0.120" /><testcase classname="backend.tests.test_adaptive_scan_features.TestDynamicToolCatalog" name="test_add_custom_tool" time="0.115" /><testcase classname="backend.tests.test_adaptive_scan_features.TestDynamicToolCatalog" name="test_verify_tool_in_catalog" time="0.117" /><testcase classname="backend.tests.test_adaptive_scan_features.TestDynamicToolCatalog" name="test_remove_custom_tool" time="0.113" /><testcase classname="backend.tests.test_adaptive_scan_features.TestDynamicToolCatalog" name="test_remove_nonexistent_tool" time="0.109" /><testcase classname="backend.tests.test_adaptive_scan_features.TestCustomMsfModules" name="test_add_custom_msf_module" time="0.118" /><testcase classname="backend.tests.test_adaptive_scan_features.TestCustomMsfModules" name="test_verify_msf_module_in_list" time="0.114" /><testcase classname="backend.tests.test_adaptive_scan_features.TestAdaptiveScanAndTimeline" name="test_scan_start" time="0.115" /><testcase classname="backend.tests.test_adaptive_scan_features.TestAdaptiveScanAndTimeline" name="test_scan_status_has_adaptive_fields" time="3.111" /><testcase classname="backend.tests.test_adaptive_scan_features.TestAdaptiveScanAndTimeline" name="test_scan_timeline_endpoint" time="0.110" /><testcase classname="backend.tests.test_adaptive_scan_features.TestAdaptiveScanAndTimeline" name="test_scan_vault_endpoint" time="0.112" /><testcase classname="backend.tests.test_adaptive_scan_features.TestAdaptiveScanAndTimeline" name="test_scan_sessions_endpoint" time="0.112" /><testcase classname="backend.tests.test_adaptive_scan_features.TestScanCompletion" name="test_scan_completes_with_timeline" time="21.584" /><testcase classname="backend.tests.test_adaptive_scan_features.TestAbortScan" name="test_abort_running_scan" time="2.350" /><testcase classname="backend.tests.test_adaptive_scan_features.TestAbortScan" name="test_abort_nonrunning_scan" time="0.111" /><testcase classname="backend.tests.test_adaptive_scan_features.TestAttackChains" name="test_get_chains" time="0.114" /><testcase classname="backend.tests.test_adaptive_scan_features.TestAttackChains" name="test_get_chain_details" time="0.239" /><testcase classname="backend.tests.test_adaptive_scan_features.TestTacticalDecisions" name="test_service_attacks" time="0.115" /><testcase classname="backend.tests.test_adaptive_scan_features.TestTacticalDecisions" name="test_vuln_exploits" time="0.124" /></testsuite></testsuites>