<?xml version="1.0" encoding="utf-8"?><testsuites name="pytest tests"><testsuite name="pytest" errors="0" failures="0" skipped="0" tests="19" time="2.382" timestamp="2026-04-03T06:57:21.019666+00:00" hostname="agent-env-1ee491cf-78cf-4998-9116-4eef5e5c3ddf"><testcase classname="tests.test_c2_integration.TestMSFRPCEndpoints" name="test_msf_status_returns_offline" time="0.167" /><testcase classname="tests.test_c2_integration.TestMSFRPCEndpoints" name="test_msf_connect_returns_status" time="0.129" /><testcase classname="tests.test_c2_integration.TestMSFRPCEndpoints" name="test_msf_sessions_returns_empty" time="0.113" /><testcase classname="tests.test_c2_integration.TestMSFRPCEndpoints" name="test_msf_jobs_returns_empty" time="0.115" /><testcase classname="tests.test_c2_integration.TestMSFRPCEndpoints" name="test_msf_search_returns_hint" time="0.110" /><testcase classname="tests.test_c2_integration.TestSliverC2Endpoints" name="test_sliver_status_returns_offline" time="0.109" /><testcase classname="tests.test_c2_integration.TestSliverC2Endpoints" name="test_sliver_sessions_returns_empty" time="0.110" /><testcase classname="tests.test_c2_integration.TestSliverC2Endpoints" name="test_sliver_beacons_returns_empty" time="0.112" /><testcase classname="tests.test_c2_integration.TestSliverC2Endpoints" name="test_sliver_implants_returns_empty" time="0.110" /><testcase classname="tests.test_c2_integration.TestC2Dashboard" name="test_c2_dashboard_returns_unified_status" time="0.108" /><testcase classname="tests.test_c2_integration.TestWebSocketEndpoints" name="test_websocket_scan_endpoint_exists" time="0.118" /><testcase classname="tests.test_c2_integration.TestWebSocketEndpoints" name="test_websocket_chain_endpoint_exists" time="0.131" /><testcase classname="tests.test_c2_integration.TestExistingFeatures" name="test_health_check" time="0.108" /><testcase classname="tests.test_c2_integration.TestExistingFeatures" name="test_mitre_tactics" time="0.114" /><testcase classname="tests.test_c2_integration.TestExistingFeatures" name="test_tools_endpoint" time="0.108" /><testcase classname="tests.test_c2_integration.TestExistingFeatures" name="test_chains_endpoint" time="0.108" /><testcase classname="tests.test_c2_integration.TestExistingFeatures" name="test_metasploit_modules" time="0.108" /><testcase classname="tests.test_c2_integration.TestExistingFeatures" name="test_scan_history" time="0.113" /><testcase classname="tests.test_c2_integration.TestExistingFeatures" name="test_tactical_service_attacks" time="0.111" /></testsuite></testsuites>