<?xml version="1.0" encoding="utf-8"?><testsuites name="pytest tests"><testsuite name="pytest" errors="0" failures="0" skipped="0" tests="11" time="24.383" timestamp="2026-04-03T02:37:19.762882+00:00" hostname="agent-env-1ee491cf-78cf-4998-9116-4eef5e5c3ddf"><testcase classname="backend.tests.test_chain_execution_engine.TestChainExecutionEngineAutoMode" name="test_auto_execute_starts_background_execution" time="0.363" /><testcase classname="backend.tests.test_chain_execution_engine.TestChainExecutionEngineAutoMode" name="test_track_execution_progress_with_step_statuses" time="2.187" /><testcase classname="backend.tests.test_chain_execution_engine.TestChainExecutionEngineAutoMode" name="test_wait_for_completion_and_verify_final_state" time="8.956" /><testcase classname="backend.tests.test_chain_execution_engine.TestChainExecutionEngineManualMode" name="test_manual_mode_creates_ready_state" time="0.146" /><testcase classname="backend.tests.test_chain_execution_engine.TestChainExecutionEngineManualMode" name="test_execute_single_step_manually" time="0.410" /><testcase classname="backend.tests.test_chain_execution_engine.TestChainExecutionEngineManualMode" name="test_execute_second_step_manually" time="0.217" /><testcase classname="backend.tests.test_chain_execution_engine.TestChainExecutionEngineManualMode" name="test_verify_partial_progress" time="0.236" /><testcase classname="backend.tests.test_chain_execution_engine.TestChainExecutionEdgeCases" name="test_execute_nonexistent_chain" time="0.135" /><testcase classname="backend.tests.test_chain_execution_engine.TestChainExecutionEdgeCases" name="test_execute_step_on_nonexistent_execution" time="0.251" /><testcase classname="backend.tests.test_chain_execution_engine.TestChainExecutionEdgeCases" name="test_get_nonexistent_execution" time="0.248" /><testcase classname="backend.tests.test_chain_execution_engine.TestStepStatusTransitions" name="test_step_status_transitions_during_auto_execute" time="10.806" /></testsuite></testsuites>