<?xml version="1.0" encoding="utf-8"?><testsuites name="pytest tests"><testsuite name="pytest" errors="0" failures="0" skipped="0" tests="14" time="73.365" timestamp="2026-04-03T05:39:12.518800+00:00" hostname="agent-env-1ee491cf-78cf-4998-9116-4eef5e5c3ddf"><testcase classname="backend.tests.test_new_improvements.TestRecommendedModulesAndSuggestedChains" name="test_scan_status_includes_suggested_chains" time="28.640" /><testcase classname="backend.tests.test_new_improvements.TestRecommendedModulesAndSuggestedChains" name="test_scan_status_includes_recommended_modules" time="0.001" /><testcase classname="backend.tests.test_new_improvements.TestRecommendedModulesAndSuggestedChains" name="test_recommended_modules_sorted_by_relevance" time="0.001" /><testcase classname="backend.tests.test_new_improvements.TestPDFReportGeneration" name="test_pdf_report_endpoint_exists" time="20.754" /><testcase classname="backend.tests.test_new_improvements.TestPDFReportGeneration" name="test_pdf_report_404_for_nonexistent_scan" time="0.262" /><testcase classname="backend.tests.test_new_improvements.TestPDFReportGeneration" name="test_pdf_report_content_disposition" time="0.321" /><testcase classname="backend.tests.test_new_improvements.TestExistingFeaturesStillWork" name="test_api_health" time="0.242" /><testcase classname="backend.tests.test_new_improvements.TestExistingFeaturesStillWork" name="test_chains_endpoint" time="0.287" /><testcase classname="backend.tests.test_new_improvements.TestExistingFeaturesStillWork" name="test_mitre_tactics" time="0.118" /><testcase classname="backend.tests.test_new_improvements.TestExistingFeaturesStillWork" name="test_metasploit_modules" time="0.113" /><testcase classname="backend.tests.test_new_improvements.TestExistingFeaturesStillWork" name="test_scan_history" time="0.122" /><testcase classname="backend.tests.test_new_improvements.TestExistingFeaturesStillWork" name="test_tactical_service_attacks" time="0.177" /><testcase classname="backend.tests.test_new_improvements.TestExistingFeaturesStillWork" name="test_chain_details" time="0.122" /><testcase classname="backend.tests.test_new_improvements.TestGetRecommendedModulesFunction" name="test_modules_scored_by_service_match" time="21.716" /></testsuite></testsuites>