<?xml version="1.0" encoding="utf-8"?><testsuites name="pytest tests"><testsuite name="pytest" errors="0" failures="0" skipped="0" tests="19" time="13.008" timestamp="2026-04-06T04:34:34.288355+00:00" hostname="agent-env-1ee491cf-78cf-4998-9116-4eef5e5c3ddf"><testcase classname="backend.tests.test_api_v6_local.TestRootAndHealth" name="test_root_returns_version_6" time="0.344" /><testcase classname="backend.tests.test_api_v6_local.TestRootAndHealth" name="test_health_shows_database_connected" time="0.120" /><testcase classname="backend.tests.test_api_v6_local.TestRootAndHealth" name="test_doctor_returns_deep_diagnostic" time="0.183" /><testcase classname="backend.tests.test_api_v6_local.TestJobSystem" name="test_list_jobs" time="0.118" /><testcase classname="backend.tests.test_api_v6_local.TestJobSystem" name="test_get_job_details" time="0.274" /><testcase classname="backend.tests.test_api_v6_local.TestJobSystem" name="test_get_job_logs" time="0.259" /><testcase classname="backend.tests.test_api_v6_local.TestJobSystem" name="test_cancel_completed_job_returns_error" time="0.271" /><testcase classname="backend.tests.test_api_v6_local.TestScanFlow" name="test_start_scan_returns_scan_and_job_id" time="0.139" /><testcase classname="backend.tests.test_api_v6_local.TestScanFlow" name="test_get_scan_status" time="2.270" /><testcase classname="backend.tests.test_api_v6_local.TestScanFlow" name="test_get_scan_history" time="0.200" /><testcase classname="backend.tests.test_api_v6_local.TestConfigEndpoints" name="test_get_config" time="0.138" /><testcase classname="backend.tests.test_api_v6_local.TestConfigEndpoints" name="test_update_config" time="0.403" /><testcase classname="backend.tests.test_api_v6_local.TestAttackChains" name="test_get_chains" time="0.127" /><testcase classname="backend.tests.test_api_v6_local.TestAttackChains" name="test_get_chain_details" time="0.119" /><testcase classname="backend.tests.test_api_v6_local.TestToolsAndModules" name="test_get_tools" time="0.122" /><testcase classname="backend.tests.test_api_v6_local.TestToolsAndModules" name="test_get_metasploit_modules" time="0.223" /><testcase classname="backend.tests.test_api_v6_local.TestPayloads" name="test_get_payload_templates" time="0.244" /><testcase classname="backend.tests.test_api_v6_local.TestMitreTactics" name="test_get_mitre_tactics" time="0.145" /><testcase classname="backend.tests.test_api_v6_local.TestIntegrationFlow" name="test_full_scan_flow" time="7.057" /></testsuite></testsuites>